{"level":"info","message":"POST /auth/login 200 99 - 386.767 ms","timestamp":"2026-01-20T19:39:20.037Z"}
{"level":"info","message":"GET /admin/stats 200 78 - 260.948 ms","timestamp":"2026-01-20T19:39:20.372Z"}
{"level":"info","message":"GET /admin/stats 304 - - 250.174 ms","timestamp":"2026-01-20T19:39:20.811Z"}
{"level":"info","message":"GET /auth/me 304 - - 45.942 ms","timestamp":"2026-01-20T19:39:29.355Z"}
{"level":"info","message":"GET /auth/me 304 - - 48.659 ms","timestamp":"2026-01-20T19:39:29.412Z"}
{"level":"info","message":"GET /admin/users 200 622 - 124.978 ms","timestamp":"2026-01-20T19:39:29.498Z"}
{"level":"info","message":"GET /admin/users 304 - - 116.075 ms","timestamp":"2026-01-20T19:39:29.626Z"}
{"level":"info","message":"GET /admin/stats 304 - - 226.276 ms","timestamp":"2026-01-20T19:39:42.040Z"}
{"level":"info","message":"GET /admin/stats 304 - - 233.050 ms","timestamp":"2026-01-20T19:39:42.284Z"}
{"level":"info","message":"GET /orders 200 2 - 81.855 ms","timestamp":"2026-01-20T19:39:51.681Z"}
{"level":"info","message":"GET /admin/stats 304 - - 238.638 ms","timestamp":"2026-01-20T19:40:34.296Z"}
{"level":"info","message":"GET /admin/stats 304 - - 225.367 ms","timestamp":"2026-01-20T19:40:34.540Z"}
{"level":"info","message":"GET /admin/stats 304 - - 237.420 ms","timestamp":"2026-01-20T19:40:48.975Z"}
{"level":"info","message":"GET /admin/stats 304 - - 230.857 ms","timestamp":"2026-01-20T19:40:49.223Z"}
{"level":"info","message":"GET /admin/stats 304 - - 223.789 ms","timestamp":"2026-01-20T19:40:53.084Z"}
{"level":"info","message":"GET /admin/stats 304 - - 233.113 ms","timestamp":"2026-01-20T19:40:53.324Z"}
{"level":"info","message":"GET /admin/stats 304 - - 222.595 ms","timestamp":"2026-01-20T19:40:55.522Z"}
{"level":"info","message":"GET /admin/stats 304 - - 232.074 ms","timestamp":"2026-01-20T19:40:55.763Z"}
{"level":"info","message":"GET /auth/me 304 - - 40.120 ms","timestamp":"2026-01-20T19:41:28.019Z"}
{"level":"info","message":"GET /auth/me 304 - - 39.587 ms","timestamp":"2026-01-20T19:41:28.067Z"}
{"level":"info","message":"GET /admin/stats 304 - - 224.115 ms","timestamp":"2026-01-20T19:41:28.282Z"}
{"level":"info","message":"GET /admin/stats 304 - - 235.644 ms","timestamp":"2026-01-20T19:41:28.525Z"}
{"level":"info","message":"GET /admin/stats 304 - - 407.877 ms","timestamp":"2026-01-20T19:51:58.968Z"}
{"level":"info","message":"GET /admin/stats 304 - - 251.027 ms","timestamp":"2026-01-20T19:51:59.300Z"}
{"level":"info","message":"GET /auth/me 304 - - 86.086 ms","timestamp":"2026-01-20T19:53:56.392Z"}
{"level":"info","message":"GET /auth/me 304 - - 39.660 ms","timestamp":"2026-01-20T19:53:56.485Z"}
{"level":"info","message":"GET /admin/stats 304 - - 242.936 ms","timestamp":"2026-01-20T19:53:56.695Z"}
{"level":"info","message":"GET /admin/stats 304 - - 231.998 ms","timestamp":"2026-01-20T19:53:56.938Z"}
{"level":"info","message":"GET /admin/stats 304 - - 429.956 ms","timestamp":"2026-01-20T19:55:46.415Z"}
{"level":"info","message":"GET /admin/stats 304 - - 229.444 ms","timestamp":"2026-01-20T19:55:46.704Z"}
{"level":"info","message":"GET /auth/me 304 - - 47.918 ms","timestamp":"2026-01-20T19:55:50.678Z"}
{"level":"info","message":"GET /auth/me 304 - - 39.792 ms","timestamp":"2026-01-20T19:55:50.738Z"}
{"level":"info","message":"GET /admin/stats 304 - - 255.889 ms","timestamp":"2026-01-20T19:55:51.003Z"}
{"level":"info","message":"GET /admin/stats 304 - - 227.306 ms","timestamp":"2026-01-20T19:55:51.246Z"}
{"level":"info","message":"POST /auth/logout 200 24 - 142.334 ms","timestamp":"2026-01-20T19:55:52.700Z"}
{"level":"info","message":"POST /auth/login 200 99 - 246.768 ms","timestamp":"2026-01-20T19:56:20.431Z"}
{"level":"info","message":"GET /admin/stats 304 - - 227.643 ms","timestamp":"2026-01-20T19:56:20.715Z"}
{"level":"info","message":"GET /admin/stats 304 - - 224.000 ms","timestamp":"2026-01-20T19:56:20.947Z"}
{"level":"info","message":"GET /admin/orders 200 11394 - 202.444 ms","timestamp":"2026-01-20T19:56:35.473Z"}
{"level":"info","message":"GET /admin/orders 304 - - 160.648 ms","timestamp":"2026-01-20T19:56:35.648Z"}
{"level":"info","message":"GET /admin/users 304 - - 115.300 ms","timestamp":"2026-01-20T19:56:45.753Z"}
{"level":"info","message":"GET /admin/users 304 - - 114.230 ms","timestamp":"2026-01-20T19:56:45.876Z"}
{"level":"info","message":"GET /admin/stats 304 - - 224.589 ms","timestamp":"2026-01-20T19:56:50.426Z"}
{"level":"info","message":"GET /admin/stats 304 - - 226.097 ms","timestamp":"2026-01-20T19:56:50.661Z"}
{"level":"info","message":"GET /auth/me 304 - - 110.169 ms","timestamp":"2026-01-20T20:04:16.604Z"}
{"level":"info","message":"GET /auth/me 304 - - 45.664 ms","timestamp":"2026-01-20T20:04:16.664Z"}
{"level":"info","message":"GET /admin/stats 304 - - 251.490 ms","timestamp":"2026-01-20T20:04:16.901Z"}
{"level":"info","message":"GET /admin/stats 304 - - 246.336 ms","timestamp":"2026-01-20T20:04:17.159Z"}
{"level":"info","message":"POST /auth/logout 200 24 - 100.017 ms","timestamp":"2026-01-20T20:04:19.160Z"}
{"level":"info","message":"POST /auth/login 200 99 - 243.860 ms","timestamp":"2026-01-20T20:04:39.511Z"}
{"level":"info","message":"GET /admin/stats 304 - - 239.864 ms","timestamp":"2026-01-20T20:04:39.813Z"}
{"level":"info","message":"GET /admin/stats 304 - - 230.031 ms","timestamp":"2026-01-20T20:04:40.054Z"}
{"level":"info","message":"GET /auth/me 304 - - 100.547 ms","timestamp":"2026-01-20T20:06:16.303Z"}
{"level":"info","message":"GET /auth/me 304 - - 41.431 ms","timestamp":"2026-01-20T20:06:16.367Z"}
{"level":"info","message":"GET /admin/stats 304 - - 241.654 ms","timestamp":"2026-01-20T20:06:16.596Z"}
{"level":"info","message":"GET /admin/stats 304 - - 223.367 ms","timestamp":"2026-01-20T20:06:16.829Z"}
{"level":"info","message":"GET /auth/me 304 - - 99.895 ms","timestamp":"2026-01-20T20:07:18.570Z"}
{"level":"info","message":"GET /auth/me 304 - - 52.244 ms","timestamp":"2026-01-20T20:07:18.643Z"}
{"level":"info","message":"GET /admin/stats 304 - - 241.470 ms","timestamp":"2026-01-20T20:07:18.850Z"}
{"level":"info","message":"GET /admin/stats 304 - - 222.673 ms","timestamp":"2026-01-20T20:07:19.084Z"}
{"level":"info","message":"GET /admin/stats 304 - - 309.142 ms","timestamp":"2026-01-20T20:12:11.624Z"}
{"level":"info","message":"GET /admin/stats 304 - - 227.009 ms","timestamp":"2026-01-20T20:12:11.922Z"}
